0 info it worked if it ends with ok
1 verbose cli [ 'F:\\Programmi\\nodejs\\node.exe',
1 verbose cli   'F:\\Programmi\\nodejs\\node_modules\\npm\\bin\\npm-cli.js',
1 verbose cli   'start' ]
2 info using npm@3.10.10
3 info using node@v6.9.5
4 verbose stack Error: ENOENT: no such file or directory, open 'F:\Luca\Documenti Luca\Digital Garage\Projects\robo-advice-actual\package.json'
4 verbose stack     at Error (native)
5 verbose cwd F:\Luca\Documenti Luca\Digital Garage\Projects\robo-advice-actual
6 error Windows_NT 10.0.14393
7 error argv "F:\\Programmi\\nodejs\\node.exe" "F:\\Programmi\\nodejs\\node_modules\\npm\\bin\\npm-cli.js" "start"
8 error node v6.9.5
9 error npm  v3.10.10
10 error path F:\Luca\Documenti Luca\Digital Garage\Projects\robo-advice-actual\package.json
11 error code ENOENT
12 error errno -4058
13 error syscall open
14 error enoent ENOENT: no such file or directory, open 'F:\Luca\Documenti Luca\Digital Garage\Projects\robo-advice-actual\package.json'
15 error enoent ENOENT: no such file or directory, open 'F:\Luca\Documenti Luca\Digital Garage\Projects\robo-advice-actual\package.json'
15 error enoent This is most likely not a problem with npm itself
15 error enoent and is related to npm not being able to find a file.
16 verbose exit [ -4058, true ]
